<?xml version="1.0" encoding="UTF-8"?>
<coverage generated="1689039830631" clover="3.2.0">
  <project timestamp="1689039830632" name="All files">
    <metrics statements="96" coveredstatements="33" conditionals="27" coveredconditionals="14" methods="13" coveredmethods="6" elements="136" coveredelements="53" complexity="0" loc="96" ncloc="96" packages="3" files="3" classes="3"/>
    <package name="Services">
      <metrics statements="12" coveredstatements="7" conditionals="0" coveredconditionals="0" methods="1" coveredmethods="0"/>
      <file name="NotificationEmail.ts" path="C:\Users\Comprovei\Desktop\matheus\unifei\7periodo\lina\reptask-backend\src\Services\NotificationEmail.ts">
        <metrics statements="12" coveredstatements="7" conditionals="0" coveredconditionals="0" methods="1" coveredmethods="0"/>
        <line num="3" count="1" type="stmt"/>
        <line num="4" count="1" type="stmt"/>
        <line num="5" count="1" type="stmt"/>
        <line num="7" count="1" type="stmt"/>
        <line num="8" count="1" type="stmt"/>
        <line num="10" count="1" type="stmt"/>
        <line num="20" count="1" type="stmt"/>
        <line num="22" count="0" type="stmt"/>
        <line num="23" count="0" type="stmt"/>
        <line num="29" count="0" type="stmt"/>
        <line num="31" count="0" type="stmt"/>
        <line num="32" count="0" type="stmt"/>
      </file>
    </package>
    <package name="controllers">
      <metrics statements="79" coveredstatements="21" conditionals="27" coveredconditionals="14" methods="11" coveredmethods="5"/>
      <file name="TaskController.ts" path="C:\Users\Comprovei\Desktop\matheus\unifei\7periodo\lina\reptask-backend\src\controllers\TaskController.ts">
        <metrics statements="79" coveredstatements="21" conditionals="27" coveredconditionals="14" methods="11" coveredmethods="5"/>
        <line num="2" count="1" type="stmt"/>
        <line num="3" count="1" type="stmt"/>
        <line num="4" count="1" type="stmt"/>
        <line num="5" count="1" type="stmt"/>
        <line num="7" count="1" type="stmt"/>
        <line num="8" count="1" type="stmt"/>
        <line num="10" count="1" type="stmt"/>
        <line num="12" count="0" type="stmt"/>
        <line num="13" count="0" type="stmt"/>
        <line num="15" count="0" type="stmt"/>
        <line num="27" count="0" type="cond" truecount="0" falsecount="1"/>
        <line num="28" count="0" type="stmt"/>
        <line num="39" count="0" type="stmt"/>
        <line num="45" count="0" type="stmt"/>
        <line num="46" count="0" type="cond" truecount="0" falsecount="1"/>
        <line num="47" count="0" type="stmt"/>
        <line num="55" count="0" type="stmt"/>
        <line num="59" count="0" type="stmt"/>
        <line num="60" count="0" type="stmt"/>
        <line num="67" count="0" type="stmt"/>
        <line num="68" count="0" type="stmt"/>
        <line num="69" count="0" type="stmt"/>
        <line num="71" count="0" type="stmt"/>
        <line num="73" count="0" type="stmt"/>
        <line num="86" count="0" type="cond" truecount="0" falsecount="1"/>
        <line num="87" count="0" type="stmt"/>
        <line num="101" count="0" type="stmt"/>
        <line num="102" count="0" type="stmt"/>
        <line num="108" count="0" type="cond" truecount="0" falsecount="1"/>
        <line num="109" count="0" type="stmt"/>
        <line num="121" count="0" type="stmt"/>
        <line num="125" count="0" type="stmt"/>
        <line num="126" count="0" type="stmt"/>
        <line num="133" count="0" type="stmt"/>
        <line num="134" count="0" type="stmt"/>
        <line num="135" count="0" type="stmt"/>
        <line num="136" count="0" type="stmt"/>
        <line num="138" count="0" type="stmt"/>
        <line num="142" count="0" type="stmt"/>
        <line num="143" count="0" type="stmt"/>
        <line num="150" count="0" type="stmt"/>
        <line num="151" count="0" type="stmt"/>
        <line num="153" count="0" type="stmt"/>
        <line num="160" count="0" type="stmt"/>
        <line num="161" count="0" type="cond" truecount="0" falsecount="1"/>
        <line num="162" count="0" type="stmt"/>
        <line num="164" count="0" type="cond" truecount="0" falsecount="3"/>
        <line num="167" count="0" type="stmt"/>
        <line num="168" count="0" type="stmt"/>
        <line num="173" count="0" type="stmt"/>
        <line num="174" count="0" type="stmt"/>
        <line num="179" count="0" type="stmt"/>
        <line num="182" count="0" type="stmt"/>
        <line num="183" count="0" type="stmt"/>
        <line num="185" count="0" type="stmt"/>
        <line num="186" count="0" type="stmt"/>
        <line num="193" count="0" type="stmt"/>
        <line num="194" count="0" type="stmt"/>
        <line num="200" count="0" type="stmt"/>
        <line num="201" count="0" type="cond" truecount="0" falsecount="1"/>
        <line num="202" count="0" type="stmt"/>
        <line num="204" count="0" type="stmt"/>
        <line num="206" count="0" type="stmt"/>
        <line num="208" count="0" type="stmt"/>
        <line num="209" count="0" type="stmt"/>
        <line num="216" count="5" type="cond" truecount="1" falsecount="0"/>
        <line num="217" count="4" type="cond" truecount="1" falsecount="0"/>
        <line num="218" count="3" type="cond" truecount="1" falsecount="0"/>
        <line num="219" count="2" type="cond" truecount="1" falsecount="0"/>
        <line num="220" count="1" type="cond" truecount="1" falsecount="0"/>
        <line num="224" count="6" type="cond" truecount="1" falsecount="0"/>
        <line num="225" count="5" type="cond" truecount="1" falsecount="0"/>
        <line num="226" count="4" type="cond" truecount="1" falsecount="0"/>
        <line num="227" count="3" type="cond" truecount="1" falsecount="0"/>
        <line num="228" count="2" type="cond" truecount="1" falsecount="0"/>
        <line num="229" count="1" type="cond" truecount="1" falsecount="0"/>
        <line num="233" count="1" type="cond" truecount="1" falsecount="0"/>
        <line num="237" count="1" type="cond" truecount="1" falsecount="0"/>
        <line num="241" count="1" type="cond" truecount="1" falsecount="0"/>
      </file>
    </package>
    <package name="database">
      <metrics statements="5" coveredstatements="5" conditionals="0" coveredconditionals="0" methods="1" coveredmethods="1"/>
      <file name="index.ts" path="C:\Users\Comprovei\Desktop\matheus\unifei\7periodo\lina\reptask-backend\src\database\index.ts">
        <metrics statements="5" coveredstatements="5" conditionals="0" coveredconditionals="0" methods="1" coveredmethods="1"/>
        <line num="1" count="1" type="stmt"/>
        <line num="2" count="1" type="stmt"/>
        <line num="4" count="1" type="stmt"/>
        <line num="5" count="2" type="stmt"/>
        <line num="17" count="2" type="stmt"/>
      </file>
    </package>
  </project>
</coverage>
