{"C:\\Users\\Comprovei\\Desktop\\matheus\\unifei\\7periodo\\lina\\reptask-backend\\src\\Services\\NotificationEmail.ts": {"path":"C:\\Users\\Comprovei\\Desktop\\matheus\\unifei\\7periodo\\lina\\reptask-backend\\src\\Services\\NotificationEmail.ts","statementMap":{"0":{"start":{"line":3,"column":0},"end":{"line":3,"column":43}},"1":{"start":{"line":4,"column":0},"end":{"line":4,"column":null}},"2":{"start":{"line":5,"column":0},"end":{"line":5,"column":null}},"3":{"start":{"line":7,"column":0},"end":{"line":7,"column":null}},"4":{"start":{"line":8,"column":19},"end":{"line":8,"column":40}},"5":{"start":{"line":10,"column":20},"end":{"line":18,"column":2}},"6":{"start":{"line":22,"column":4},"end":{"line":35,"column":null}},"7":{"start":{"line":23,"column":26},"end":{"line":28,"column":null}},"8":{"start":{"line":29,"column":21},"end":{"line":29,"column":60}},"9":{"start":{"line":31,"column":6},"end":{"line":31,"column":null}},"10":{"start":{"line":32,"column":6},"end":{"line":34,"column":null}},"11":{"start":{"line":20,"column":0},"end":{"line":20,"column":13}}},"fnMap":{"0":{"name":"(anonymous_0)","decl":{"start":{"line":21,"column":2},"end":{"line":21,"column":7}},"loc":{"start":{"line":21,"column":84},"end":{"line":36,"column":3}}}},"branchMap":{},"s":{"0":1,"1":1,"2":1,"3":1,"4":1,"5":1,"6":0,"7":0,"8":0,"9":0,"10":0,"11":1},"f":{"0":0},"b":{}}
,"C:\\Users\\Comprovei\\Desktop\\matheus\\unifei\\7periodo\\lina\\reptask-backend\\src\\controllers\\TaskController.ts": {"path":"C:\\Users\\Comprovei\\Desktop\\matheus\\unifei\\7periodo\\lina\\reptask-backend\\src\\controllers\\TaskController.ts","statementMap":{"0":{"start":{"line":2,"column":0},"end":{"line":2,"column":50}},"1":{"start":{"line":3,"column":0},"end":{"line":3,"column":43}},"2":{"start":{"line":4,"column":0},"end":{"line":4,"column":65}},"3":{"start":{"line":5,"column":0},"end":{"line":5,"column":null}},"4":{"start":{"line":7,"column":0},"end":{"line":7,"column":null}},"5":{"start":{"line":8,"column":16},"end":{"line":8,"column":28}},"6":{"start":{"line":12,"column":4},"end":{"line":63,"column":null}},"7":{"start":{"line":13,"column":19},"end":{"line":13,"column":31}},"8":{"start":{"line":15,"column":19},"end":{"line":25,"column":18}},"9":{"start":{"line":27,"column":6},"end":{"line":53,"column":null}},"10":{"start":{"line":28,"column":8},"end":{"line":38,"column":null}},"11":{"start":{"line":39,"column":21},"end":{"line":44,"column":20}},"12":{"start":{"line":45,"column":8},"end":{"line":45,"column":null}},"13":{"start":{"line":46,"column":8},"end":{"line":52,"column":null}},"14":{"start":{"line":47,"column":10},"end":{"line":51,"column":null}},"15":{"start":{"line":55,"column":6},"end":{"line":57,"column":null}},"16":{"start":{"line":59,"column":6},"end":{"line":59,"column":null}},"17":{"start":{"line":60,"column":6},"end":{"line":62,"column":null}},"18":{"start":{"line":67,"column":4},"end":{"line":129,"column":null}},"19":{"start":{"line":68,"column":19},"end":{"line":68,"column":31}},"20":{"start":{"line":69,"column":21},"end":{"line":69,"column":38}},"21":{"start":{"line":71,"column":53},"end":{"line":71,"column":55}},"22":{"start":{"line":73,"column":6},"end":{"line":84,"column":null}},"23":{"start":{"line":86,"column":6},"end":{"line":99,"column":null}},"24":{"start":{"line":87,"column":8},"end":{"line":98,"column":null}},"25":{"start":{"line":101,"column":6},"end":{"line":119,"column":null}},"26":{"start":{"line":102,"column":21},"end":{"line":107,"column":20}},"27":{"start":{"line":108,"column":8},"end":{"line":118,"column":null}},"28":{"start":{"line":109,"column":10},"end":{"line":117,"column":null}},"29":{"start":{"line":121,"column":6},"end":{"line":123,"column":null}},"30":{"start":{"line":125,"column":6},"end":{"line":125,"column":null}},"31":{"start":{"line":126,"column":6},"end":{"line":128,"column":null}},"32":{"start":{"line":133,"column":4},"end":{"line":146,"column":null}},"33":{"start":{"line":134,"column":21},"end":{"line":134,"column":38}},"34":{"start":{"line":135,"column":6},"end":{"line":135,"column":null}},"35":{"start":{"line":136,"column":6},"end":{"line":136,"column":null}},"36":{"start":{"line":138,"column":6},"end":{"line":140,"column":null}},"37":{"start":{"line":142,"column":6},"end":{"line":142,"column":null}},"38":{"start":{"line":143,"column":6},"end":{"line":145,"column":null}},"39":{"start":{"line":150,"column":4},"end":{"line":189,"column":null}},"40":{"start":{"line":151,"column":21},"end":{"line":151,"column":50}},"41":{"start":{"line":153,"column":24},"end":{"line":158,"column":69}},"42":{"start":{"line":160,"column":19},"end":{"line":160,"column":50}},"43":{"start":{"line":161,"column":6},"end":{"line":163,"column":null}},"44":{"start":{"line":162,"column":8},"end":{"line":162,"column":null}},"45":{"start":{"line":164,"column":6},"end":{"line":181,"column":null}},"46":{"start":{"line":167,"column":10},"end":{"line":167,"column":null}},"47":{"start":{"line":168,"column":10},"end":{"line":168,"column":15}},"48":{"start":{"line":173,"column":10},"end":{"line":173,"column":null}},"49":{"start":{"line":174,"column":10},"end":{"line":174,"column":15}},"50":{"start":{"line":179,"column":10},"end":{"line":179,"column":15}},"51":{"start":{"line":182,"column":22},"end":{"line":182,"column":50}},"52":{"start":{"line":183,"column":6},"end":{"line":183,"column":null}},"53":{"start":{"line":185,"column":6},"end":{"line":185,"column":null}},"54":{"start":{"line":186,"column":6},"end":{"line":188,"column":null}},"55":{"start":{"line":193,"column":4},"end":{"line":212,"column":null}},"56":{"start":{"line":194,"column":25},"end":{"line":198,"column":61}},"57":{"start":{"line":200,"column":19},"end":{"line":200,"column":50}},"58":{"start":{"line":201,"column":6},"end":{"line":203,"column":null}},"59":{"start":{"line":202,"column":8},"end":{"line":202,"column":null}},"60":{"start":{"line":204,"column":22},"end":{"line":204,"column":51}},"61":{"start":{"line":206,"column":6},"end":{"line":206,"column":null}},"62":{"start":{"line":208,"column":6},"end":{"line":208,"column":null}},"63":{"start":{"line":209,"column":6},"end":{"line":211,"column":null}},"64":{"start":{"line":216,"column":4},"end":{"line":216,"column":73}},"65":{"start":{"line":216,"column":28},"end":{"line":216,"column":73}},"66":{"start":{"line":217,"column":4},"end":{"line":217,"column":79}},"67":{"start":{"line":217,"column":31},"end":{"line":217,"column":79}},"68":{"start":{"line":218,"column":4},"end":{"line":218,"column":107}},"69":{"start":{"line":218,"column":45},"end":{"line":218,"column":107}},"70":{"start":{"line":219,"column":4},"end":{"line":219,"column":85}},"71":{"start":{"line":219,"column":34},"end":{"line":219,"column":85}},"72":{"start":{"line":220,"column":4},"end":{"line":220,"column":91}},"73":{"start":{"line":220,"column":37},"end":{"line":220,"column":91}},"74":{"start":{"line":224,"column":4},"end":{"line":224,"column":74}},"75":{"start":{"line":224,"column":27},"end":{"line":224,"column":74}},"76":{"start":{"line":225,"column":4},"end":{"line":225,"column":73}},"77":{"start":{"line":225,"column":28},"end":{"line":225,"column":73}},"78":{"start":{"line":226,"column":4},"end":{"line":226,"column":79}},"79":{"start":{"line":226,"column":31},"end":{"line":226,"column":79}},"80":{"start":{"line":227,"column":4},"end":{"line":227,"column":107}},"81":{"start":{"line":227,"column":45},"end":{"line":227,"column":107}},"82":{"start":{"line":228,"column":4},"end":{"line":228,"column":85}},"83":{"start":{"line":228,"column":34},"end":{"line":228,"column":85}},"84":{"start":{"line":229,"column":4},"end":{"line":229,"column":91}},"85":{"start":{"line":229,"column":37},"end":{"line":229,"column":91}},"86":{"start":{"line":233,"column":4},"end":{"line":233,"column":74}},"87":{"start":{"line":233,"column":27},"end":{"line":233,"column":74}},"88":{"start":{"line":237,"column":4},"end":{"line":237,"column":77}},"89":{"start":{"line":237,"column":31},"end":{"line":237,"column":77}},"90":{"start":{"line":241,"column":4},"end":{"line":241,"column":81}},"91":{"start":{"line":241,"column":33},"end":{"line":241,"column":81}},"92":{"start":{"line":10,"column":0},"end":{"line":10,"column":22}}},"fnMap":{"0":{"name":"(anonymous_0)","decl":{"start":{"line":11,"column":2},"end":{"line":11,"column":8}},"loc":{"start":{"line":11,"column":59},"end":{"line":64,"column":3}}},"1":{"name":"(anonymous_1)","decl":{"start":{"line":66,"column":2},"end":{"line":66,"column":8}},"loc":{"start":{"line":66,"column":57},"end":{"line":130,"column":3}}},"2":{"name":"(anonymous_2)","decl":{"start":{"line":101,"column":44},"end":{"line":101,"column":49}},"loc":{"start":{"line":101,"column":55},"end":{"line":119,"column":7}}},"3":{"name":"(anonymous_3)","decl":{"start":{"line":132,"column":2},"end":{"line":132,"column":8}},"loc":{"start":{"line":132,"column":59},"end":{"line":147,"column":3}}},"4":{"name":"(anonymous_4)","decl":{"start":{"line":149,"column":2},"end":{"line":149,"column":8}},"loc":{"start":{"line":149,"column":56},"end":{"line":190,"column":3}}},"5":{"name":"(anonymous_5)","decl":{"start":{"line":192,"column":2},"end":{"line":192,"column":8}},"loc":{"start":{"line":192,"column":59},"end":{"line":213,"column":3}}},"6":{"name":"(anonymous_6)","decl":{"start":{"line":215,"column":2},"end":{"line":215,"column":8}},"loc":{"start":{"line":215,"column":40},"end":{"line":221,"column":3}}},"7":{"name":"(anonymous_7)","decl":{"start":{"line":223,"column":2},"end":{"line":223,"column":8}},"loc":{"start":{"line":223,"column":51},"end":{"line":230,"column":3}}},"8":{"name":"(anonymous_8)","decl":{"start":{"line":232,"column":2},"end":{"line":232,"column":8}},"loc":{"start":{"line":232,"column":42},"end":{"line":234,"column":3}}},"9":{"name":"(anonymous_9)","decl":{"start":{"line":236,"column":2},"end":{"line":236,"column":8}},"loc":{"start":{"line":236,"column":39},"end":{"line":238,"column":3}}},"10":{"name":"(anonymous_10)","decl":{"start":{"line":240,"column":2},"end":{"line":240,"column":8}},"loc":{"start":{"line":240,"column":42},"end":{"line":242,"column":3}}}},"branchMap":{"0":{"loc":{"start":{"line":21,"column":23},"end":{"line":21,"column":47}},"type":"binary-expr","locations":[{"start":{"line":21,"column":23},"end":{"line":21,"column":39}},{"start":{"line":21,"column":43},"end":{"line":21,"column":47}}]},"1":{"loc":{"start":{"line":27,"column":6},"end":{"line":53,"column":null}},"type":"if","locations":[{"start":{"line":27,"column":6},"end":{"line":53,"column":null}}]},"2":{"loc":{"start":{"line":46,"column":8},"end":{"line":52,"column":null}},"type":"if","locations":[{"start":{"line":46,"column":8},"end":{"line":52,"column":null}}]},"3":{"loc":{"start":{"line":79,"column":25},"end":{"line":79,"column":49}},"type":"binary-expr","locations":[{"start":{"line":79,"column":25},"end":{"line":79,"column":41}},{"start":{"line":79,"column":45},"end":{"line":79,"column":49}}]},"4":{"loc":{"start":{"line":86,"column":6},"end":{"line":99,"column":null}},"type":"if","locations":[{"start":{"line":86,"column":6},"end":{"line":99,"column":null}}]},"5":{"loc":{"start":{"line":108,"column":8},"end":{"line":118,"column":null}},"type":"if","locations":[{"start":{"line":108,"column":8},"end":{"line":118,"column":null}}]},"6":{"loc":{"start":{"line":161,"column":6},"end":{"line":163,"column":null}},"type":"if","locations":[{"start":{"line":161,"column":6},"end":{"line":163,"column":null}}]},"7":{"loc":{"start":{"line":164,"column":6},"end":{"line":181,"column":null}},"type":"switch","locations":[{"start":{"line":166,"column":8},"end":{"line":169,"column":null}},{"start":{"line":172,"column":8},"end":{"line":175,"column":null}},{"start":{"line":178,"column":8},"end":{"line":180,"column":null}}]},"8":{"loc":{"start":{"line":201,"column":6},"end":{"line":203,"column":null}},"type":"if","locations":[{"start":{"line":201,"column":6},"end":{"line":203,"column":null}}]},"9":{"loc":{"start":{"line":216,"column":4},"end":{"line":216,"column":73}},"type":"if","locations":[{"start":{"line":216,"column":4},"end":{"line":216,"column":73}}]},"10":{"loc":{"start":{"line":217,"column":4},"end":{"line":217,"column":79}},"type":"if","locations":[{"start":{"line":217,"column":4},"end":{"line":217,"column":79}}]},"11":{"loc":{"start":{"line":218,"column":4},"end":{"line":218,"column":107}},"type":"if","locations":[{"start":{"line":218,"column":4},"end":{"line":218,"column":107}}]},"12":{"loc":{"start":{"line":219,"column":4},"end":{"line":219,"column":85}},"type":"if","locations":[{"start":{"line":219,"column":4},"end":{"line":219,"column":85}}]},"13":{"loc":{"start":{"line":220,"column":4},"end":{"line":220,"column":91}},"type":"if","locations":[{"start":{"line":220,"column":4},"end":{"line":220,"column":91}}]},"14":{"loc":{"start":{"line":224,"column":4},"end":{"line":224,"column":74}},"type":"if","locations":[{"start":{"line":224,"column":4},"end":{"line":224,"column":74}}]},"15":{"loc":{"start":{"line":225,"column":4},"end":{"line":225,"column":73}},"type":"if","locations":[{"start":{"line":225,"column":4},"end":{"line":225,"column":73}}]},"16":{"loc":{"start":{"line":226,"column":4},"end":{"line":226,"column":79}},"type":"if","locations":[{"start":{"line":226,"column":4},"end":{"line":226,"column":79}}]},"17":{"loc":{"start":{"line":227,"column":4},"end":{"line":227,"column":107}},"type":"if","locations":[{"start":{"line":227,"column":4},"end":{"line":227,"column":107}}]},"18":{"loc":{"start":{"line":228,"column":4},"end":{"line":228,"column":85}},"type":"if","locations":[{"start":{"line":228,"column":4},"end":{"line":228,"column":85}}]},"19":{"loc":{"start":{"line":229,"column":4},"end":{"line":229,"column":91}},"type":"if","locations":[{"start":{"line":229,"column":4},"end":{"line":229,"column":91}}]},"20":{"loc":{"start":{"line":233,"column":4},"end":{"line":233,"column":74}},"type":"if","locations":[{"start":{"line":233,"column":4},"end":{"line":233,"column":74}}]},"21":{"loc":{"start":{"line":237,"column":4},"end":{"line":237,"column":77}},"type":"if","locations":[{"start":{"line":237,"column":4},"end":{"line":237,"column":77}}]},"22":{"loc":{"start":{"line":241,"column":4},"end":{"line":241,"column":81}},"type":"if","locations":[{"start":{"line":241,"column":4},"end":{"line":241,"column":81}}]}},"s":{"0":1,"1":1,"2":1,"3":1,"4":1,"5":1,"6":0,"7":0,"8":0,"9":0,"10":0,"11":0,"12":0,"13":0,"14":0,"15":0,"16":0,"17":0,"18":0,"19":0,"20":0,"21":0,"22":0,"23":0,"24":0,"25":0,"26":0,"27":0,"28":0,"29":0,"30":0,"31":0,"32":0,"33":0,"34":0,"35":0,"36":0,"37":0,"38":0,"39":0,"40":0,"41":0,"42":0,"43":0,"44":0,"45":0,"46":0,"47":0,"48":0,"49":0,"50":0,"51":0,"52":0,"53":0,"54":0,"55":0,"56":0,"57":0,"58":0,"59":0,"60":0,"61":0,"62":0,"63":0,"64":5,"65":1,"66":4,"67":1,"68":3,"69":1,"70":2,"71":1,"72":1,"73":1,"74":6,"75":1,"76":5,"77":1,"78":4,"79":1,"80":3,"81":1,"82":2,"83":1,"84":1,"85":1,"86":1,"87":1,"88":1,"89":1,"90":1,"91":1,"92":1},"f":{"0":0,"1":0,"2":0,"3":0,"4":0,"5":0,"6":5,"7":6,"8":1,"9":1,"10":1},"b":{"0":[0,0],"1":[0],"2":[0],"3":[0,0],"4":[0],"5":[0],"6":[0],"7":[0,0,0],"8":[0],"9":[1],"10":[1],"11":[1],"12":[1],"13":[1],"14":[1],"15":[1],"16":[1],"17":[1],"18":[1],"19":[1],"20":[1],"21":[1],"22":[1]}}
,"C:\\Users\\Comprovei\\Desktop\\matheus\\unifei\\7periodo\\lina\\reptask-backend\\src\\database\\index.ts": {"path":"C:\\Users\\Comprovei\\Desktop\\matheus\\unifei\\7periodo\\lina\\reptask-backend\\src\\database\\index.ts","statementMap":{"0":{"start":{"line":1,"column":0},"end":{"line":1,"column":42}},"1":{"start":{"line":2,"column":0},"end":{"line":2,"column":null}},"2":{"start":{"line":5,"column":15},"end":{"line":15,"column":4}},"3":{"start":{"line":17,"column":2},"end":{"line":17,"column":null}},"4":{"start":{"line":4,"column":0},"end":{"line":4,"column":7}}},"fnMap":{"0":{"name":"connect","decl":{"start":{"line":4,"column":22},"end":{"line":4,"column":29}},"loc":{"start":{"line":4,"column":29},"end":{"line":18,"column":1}}}},"branchMap":{},"s":{"0":1,"1":1,"2":2,"3":2,"4":1},"f":{"0":2},"b":{}}
}
