TN:
SF:src\Services\NotificationEmail.ts
FN:21,(anonymous_0)
FNF:1
FNH:0
FNDA:0,(anonymous_0)
DA:3,1
DA:4,1
DA:5,1
DA:7,1
DA:8,1
DA:10,1
DA:20,1
DA:22,0
DA:23,0
DA:29,0
DA:31,0
DA:32,0
LF:12
LH:7
BRF:0
BRH:0
end_of_record
TN:
SF:src\controllers\TaskController.ts
FN:11,(anonymous_0)
FN:66,(anonymous_1)
FN:101,(anonymous_2)
FN:132,(anonymous_3)
FN:149,(anonymous_4)
FN:192,(anonymous_5)
FN:215,(anonymous_6)
FN:223,(anonymous_7)
FN:232,(anonymous_8)
FN:236,(anonymous_9)
FN:240,(anonymous_10)
FNF:11
FNH:5
FNDA:0,(anonymous_0)
FNDA:0,(anonymous_1)
FNDA:0,(anonymous_2)
FNDA:0,(anonymous_3)
FNDA:0,(anonymous_4)
FNDA:0,(anonymous_5)
FNDA:5,(anonymous_6)
FNDA:6,(anonymous_7)
FNDA:1,(anonymous_8)
FNDA:1,(anonymous_9)
FNDA:1,(anonymous_10)
DA:2,1
DA:3,1
DA:4,1
DA:5,1
DA:7,1
DA:8,1
DA:10,1
DA:12,0
DA:13,0
DA:15,0
DA:27,0
DA:28,0
DA:39,0
DA:45,0
DA:46,0
DA:47,0
DA:55,0
DA:59,0
DA:60,0
DA:67,0
DA:68,0
DA:69,0
DA:71,0
DA:73,0
DA:86,0
DA:87,0
DA:101,0
DA:102,0
DA:108,0
DA:109,0
DA:121,0
DA:125,0
DA:126,0
DA:133,0
DA:134,0
DA:135,0
DA:136,0
DA:138,0
DA:142,0
DA:143,0
DA:150,0
DA:151,0
DA:153,0
DA:160,0
DA:161,0
DA:162,0
DA:164,0
DA:167,0
DA:168,0
DA:173,0
DA:174,0
DA:179,0
DA:182,0
DA:183,0
DA:185,0
DA:186,0
DA:193,0
DA:194,0
DA:200,0
DA:201,0
DA:202,0
DA:204,0
DA:206,0
DA:208,0
DA:209,0
DA:216,5
DA:217,4
DA:218,3
DA:219,2
DA:220,1
DA:224,6
DA:225,5
DA:226,4
DA:227,3
DA:228,2
DA:229,1
DA:233,1
DA:237,1
DA:241,1
LF:79
LH:21
BRDA:21,0,0,0
BRDA:21,0,1,0
BRDA:27,1,0,0
BRDA:46,2,0,0
BRDA:79,3,0,0
BRDA:79,3,1,0
BRDA:86,4,0,0
BRDA:108,5,0,0
BRDA:161,6,0,0
BRDA:164,7,0,0
BRDA:164,7,1,0
BRDA:164,7,2,0
BRDA:201,8,0,0
BRDA:216,9,0,1
BRDA:217,10,0,1
BRDA:218,11,0,1
BRDA:219,12,0,1
BRDA:220,13,0,1
BRDA:224,14,0,1
BRDA:225,15,0,1
BRDA:226,16,0,1
BRDA:227,17,0,1
BRDA:228,18,0,1
BRDA:229,19,0,1
BRDA:233,20,0,1
BRDA:237,21,0,1
BRDA:241,22,0,1
BRF:27
BRH:14
end_of_record
TN:
SF:src\database\index.ts
FN:4,connect
FNF:1
FNH:1
FNDA:2,connect
DA:1,1
DA:2,1
DA:4,1
DA:5,2
DA:17,2
LF:5
LH:5
BRF:0
BRH:0
end_of_record
